<?xml version="1.0" encoding="UTF-8"?>
<testsuites>
  <testsuite name="/Users/branick/Code/ts-enum-generator/phpunit.xml" tests="13" assertions="79" errors="0" failures="0" skipped="0" time="0.093026">
    <testsuite name="Diagonal Test Suite" tests="13" assertions="79" errors="0" failures="0" skipped="0" time="0.093026">
      <testsuite name="Diagonal\TsEnumGenerator\Tests\Feature\GenerateCommandTest" file="/Users/branick/Code/ts-enum-generator/tests/Feature/GenerateCommandTest.php" tests="13" assertions="79" errors="0" failures="0" skipped="0" time="0.093026">
        <testcase name="it_generates_correct_typescript_with_namespaces" file="/Users/branick/Code/ts-enum-generator/tests/Feature/GenerateCommandTest.php" line="48" class="Diagonal\TsEnumGenerator\Tests\Feature\GenerateCommandTest" classname="Diagonal.TsEnumGenerator.Tests.Feature.GenerateCommandTest" assertions="9" time="0.049691"/>
        <testcase name="it_supports_glob_patterns_for_multiple_directories" file="/Users/branick/Code/ts-enum-generator/tests/Feature/GenerateCommandTest.php" line="254" class="Diagonal\TsEnumGenerator\Tests\Feature\GenerateCommandTest" classname="Diagonal.TsEnumGenerator.Tests.Feature.GenerateCommandTest" assertions="6" time="0.007720"/>
        <testcase name="it_can_disable_per_type_utilities" file="/Users/branick/Code/ts-enum-generator/tests/Feature/GenerateCommandTest.php" line="136" class="Diagonal\TsEnumGenerator\Tests\Feature\GenerateCommandTest" classname="Diagonal.TsEnumGenerator.Tests.Feature.GenerateCommandTest" assertions="4" time="0.003861"/>
        <testcase name="itUsesTheConfiguredSourceAndDestinationIfNoneAreProvided" file="/Users/branick/Code/ts-enum-generator/tests/Feature/GenerateCommandTest.php" line="289" class="Diagonal\TsEnumGenerator\Tests\Feature\GenerateCommandTest" classname="Diagonal.TsEnumGenerator.Tests.Feature.GenerateCommandTest" assertions="4" time="0.003926"/>
        <testcase name="it_generates_multiple_files_when_single_file_is_disabled" file="/Users/branick/Code/ts-enum-generator/tests/Feature/GenerateCommandTest.php" line="306" class="Diagonal\TsEnumGenerator\Tests\Feature\GenerateCommandTest" classname="Diagonal.TsEnumGenerator.Tests.Feature.GenerateCommandTest" assertions="14" time="0.003396"/>
        <testcase name="it_can_disable_generic_utilities" file="/Users/branick/Code/ts-enum-generator/tests/Feature/GenerateCommandTest.php" line="159" class="Diagonal\TsEnumGenerator\Tests\Feature\GenerateCommandTest" classname="Diagonal.TsEnumGenerator.Tests.Feature.GenerateCommandTest" assertions="4" time="0.003349"/>
        <testcase name="it_can_generate_typescript_enums_from_php_enums" file="/Users/branick/Code/ts-enum-generator/tests/Feature/GenerateCommandTest.php" line="33" class="Diagonal\TsEnumGenerator\Tests\Feature\GenerateCommandTest" classname="Diagonal.TsEnumGenerator.Tests.Feature.GenerateCommandTest" assertions="4" time="0.002872"/>
        <testcase name="it_generates_correct_typescript_for_pure_enum" file="/Users/branick/Code/ts-enum-generator/tests/Feature/GenerateCommandTest.php" line="199" class="Diagonal\TsEnumGenerator\Tests\Feature\GenerateCommandTest" classname="Diagonal.TsEnumGenerator.Tests.Feature.GenerateCommandTest" assertions="4" time="0.002747"/>
        <testcase name="it_generates_correct_typescript_with_es_modules" file="/Users/branick/Code/ts-enum-generator/tests/Feature/GenerateCommandTest.php" line="80" class="Diagonal\TsEnumGenerator\Tests\Feature\GenerateCommandTest" classname="Diagonal.TsEnumGenerator.Tests.Feature.GenerateCommandTest" assertions="9" time="0.003223"/>
        <testcase name="it_uses_config_defaults_when_no_options_provided" file="/Users/branick/Code/ts-enum-generator/tests/Feature/GenerateCommandTest.php" line="237" class="Diagonal\TsEnumGenerator\Tests\Feature\GenerateCommandTest" classname="Diagonal.TsEnumGenerator.Tests.Feature.GenerateCommandTest" assertions="4" time="0.003272"/>
        <testcase name="it_generates_only_types_when_types_only_is_enabled" file="/Users/branick/Code/ts-enum-generator/tests/Feature/GenerateCommandTest.php" line="114" class="Diagonal\TsEnumGenerator\Tests\Feature\GenerateCommandTest" classname="Diagonal.TsEnumGenerator.Tests.Feature.GenerateCommandTest" assertions="5" time="0.003068"/>
        <testcase name="it_generates_correct_typescript_for_backed_enum" file="/Users/branick/Code/ts-enum-generator/tests/Feature/GenerateCommandTest.php" line="182" class="Diagonal\TsEnumGenerator\Tests\Feature\GenerateCommandTest" classname="Diagonal.TsEnumGenerator.Tests.Feature.GenerateCommandTest" assertions="4" time="0.002949"/>
        <testcase name="it_generates_single_file_with_all_enums" file="/Users/branick/Code/ts-enum-generator/tests/Feature/GenerateCommandTest.php" line="216" class="Diagonal\TsEnumGenerator\Tests\Feature\GenerateCommandTest" classname="Diagonal.TsEnumGenerator.Tests.Feature.GenerateCommandTest" assertions="8" time="0.002951"/>
      </testsuite>
    </testsuite>
  </testsuite>
</testsuites>
